<?xml version="1.0" encoding="UTF-8"?>
<!-- Generated by org.testng.reporters.JUnitXMLReporter -->
<testsuite ignored="0" hostname="MT-PG01FJNC" failures="0" tests="10" name="Default test" time="20.291" errors="0" timestamp="2022-08-03T12:58:33 IST">
  <testcase classname="runner.Execution" name="@BeforeMethod initialization" time="20.102">
    <failure type="org.openqa.selenium.WebDriverException" message="unknown error: unexpected command response
  (Session info: chrome=103.0.5060.134)
Build info: version: &amp;apos;3.141.59&amp;apos;, revision: &amp;apos;e82be7d358&amp;apos;, time: &amp;apos;2018-11-14T08:17:03&amp;apos;
System info: host: &amp;apos;MT-PG01FJNC&amp;apos;, ip: &amp;apos;192.168.0.114&amp;apos;, os.name: &amp;apos;Windows 10&amp;apos;, os.arch: &amp;apos;amd64&amp;apos;, os.version: &amp;apos;10.0&amp;apos;, java.version: &amp;apos;18.0.1&amp;apos;
Driver info: org.openqa.selenium.chrome.ChromeDriver
Capabilities {acceptInsecureCerts: false, browserName: chrome, browserVersion: 103.0.5060.134, chrome: {chromedriverVersion: 102.0.5005.61 (0e59bcc00cc4..., userDataDir: C:\Users\M1089294\AppData\L...}, goog:chromeOptions: {debuggerAddress: localhost:60740}, javascriptEnabled: true, networkConnectionEnabled: false, pageLoadStrategy: normal, platform: WINDOWS, platformName: WINDOWS, proxy: Proxy(), setWindowRect: true, strictFileInteractability: false, timeouts: {implicit: 0, pageLoad: 300000, script: 30000}, unhandledPromptBehavior: dismiss and notify, webauthn:extension:credBlob: true, webauthn:extension:largeBlob: true, webauthn:virtualAuthenticators: true}
Session ID: b778f67dfe4f3d8a9d3fccfbdb42d96f
*** Element info: {Using=xpath, value=//a[@class=&amp;apos;lilo3746-close-link lilo3746-close-icon&amp;apos;]}">
      <![CDATA[org.openqa.selenium.WebDriverException: unknown error: unexpected command response
  (Session info: chrome=103.0.5060.134)
Build info: version: '3.141.59', revision: 'e82be7d358', time: '2018-11-14T08:17:03'
System info: host: 'MT-PG01FJNC', ip: '192.168.0.114', os.name: 'Windows 10', os.arch: 'amd64', os.version: '10.0', java.version: '18.0.1'
Driver info: org.openqa.selenium.chrome.ChromeDriver
Capabilities {acceptInsecureCerts: false, browserName: chrome, browserVersion: 103.0.5060.134, chrome: {chromedriverVersion: 102.0.5005.61 (0e59bcc00cc4..., userDataDir: C:\Users\M1089294\AppData\L...}, goog:chromeOptions: {debuggerAddress: localhost:60740}, javascriptEnabled: true, networkConnectionEnabled: false, pageLoadStrategy: normal, platform: WINDOWS, platformName: WINDOWS, proxy: Proxy(), setWindowRect: true, strictFileInteractability: false, timeouts: {implicit: 0, pageLoad: 300000, script: 30000}, unhandledPromptBehavior: dismiss and notify, webauthn:extension:credBlob: true, webauthn:extension:largeBlob: true, webauthn:virtualAuthenticators: true}
Session ID: b778f67dfe4f3d8a9d3fccfbdb42d96f
*** Element info: {Using=xpath, value=//a[@class='lilo3746-close-link lilo3746-close-icon']}
at java.base/jdk.internal.reflect.DirectConstructorHandleAccessor.newInstance(DirectConstructorHandleAccessor.java:67)
at java.base/java.lang.reflect.Constructor.newInstanceWithCaller(Constructor.java:499)
at java.base/java.lang.reflect.Constructor.newInstance(Constructor.java:483)
at org.openqa.selenium.remote.http.W3CHttpResponseCodec.createException(W3CHttpResponseCodec.java:187)
at org.openqa.selenium.remote.http.W3CHttpResponseCodec.decode(W3CHttpResponseCodec.java:122)
at org.openqa.selenium.remote.http.W3CHttpResponseCodec.decode(W3CHttpResponseCodec.java:49)
at org.openqa.selenium.remote.HttpCommandExecutor.execute(HttpCommandExecutor.java:158)
at org.openqa.selenium.remote.service.DriverCommandExecutor.execute(DriverCommandExecutor.java:83)
at org.openqa.selenium.remote.RemoteWebDriver.execute(RemoteWebDriver.java:552)
at org.openqa.selenium.remote.RemoteWebDriver.findElement(RemoteWebDriver.java:323)
at org.openqa.selenium.remote.RemoteWebDriver.findElementByXPath(RemoteWebDriver.java:428)
at org.openqa.selenium.By$ByXPath.findElement(By.java:353)
at org.openqa.selenium.remote.RemoteWebDriver.findElement(RemoteWebDriver.java:315)
at reusableComponents.Helper.click(Helper.java:11)
at pageObject.LiveChat.cancel(LiveChat.java:22)
at runner.Execution.initialization(Execution.java:37)
at java.base/jdk.internal.reflect.DirectMethodHandleAccessor.invoke(DirectMethodHandleAccessor.java:104)
at java.base/java.lang.reflect.Method.invoke(Method.java:577)
at org.testng.internal.MethodInvocationHelper.invokeMethod(MethodInvocationHelper.java:133)
at org.testng.internal.MethodInvocationHelper.invokeMethodConsideringTimeout(MethodInvocationHelper.java:62)
at org.testng.internal.ConfigInvoker.invokeConfigurationMethod(ConfigInvoker.java:385)
at org.testng.internal.ConfigInvoker.invokeConfigurations(ConfigInvoker.java:321)
at org.testng.internal.TestInvoker.runConfigMethods(TestInvoker.java:700)
at org.testng.internal.TestInvoker.invokeMethod(TestInvoker.java:527)
at org.testng.internal.TestInvoker.invokeTestMethod(TestInvoker.java:173)
at org.testng.internal.MethodRunner.runInSequence(MethodRunner.java:46)
at org.testng.internal.TestInvoker$MethodInvocationAgent.invoke(TestInvoker.java:824)
at org.testng.internal.TestInvoker.invokeTestMethods(TestInvoker.java:146)
at org.testng.internal.TestMethodWorker.invokeTestMethods(TestMethodWorker.java:146)
at org.testng.internal.TestMethodWorker.run(TestMethodWorker.java:128)
at java.base/java.util.ArrayList.forEach(ArrayList.java:1511)
at org.testng.TestRunner.privateRun(TestRunner.java:794)
at org.testng.TestRunner.run(TestRunner.java:596)
at org.testng.SuiteRunner.runTest(SuiteRunner.java:377)
at org.testng.SuiteRunner.runSequentially(SuiteRunner.java:371)
at org.testng.SuiteRunner.privateRun(SuiteRunner.java:332)
at org.testng.SuiteRunner.run(SuiteRunner.java:276)
at org.testng.SuiteRunnerWorker.runSuite(SuiteRunnerWorker.java:53)
at org.testng.SuiteRunnerWorker.run(SuiteRunnerWorker.java:96)
at org.testng.TestNG.runSuitesSequentially(TestNG.java:1212)
at org.testng.TestNG.runSuitesLocally(TestNG.java:1134)
at org.testng.TestNG.runSuites(TestNG.java:1063)
at org.testng.TestNG.run(TestNG.java:1031)
at org.testng.remote.AbstractRemoteTestNG.run(AbstractRemoteTestNG.java:115)
at org.testng.remote.RemoteTestNG.initAndRun(RemoteTestNG.java:251)
at org.testng.remote.RemoteTestNG.main(RemoteTestNG.java:77)
]]>
    </failure>
  </testcase> <!-- @BeforeMethod initialization -->
  <testcase classname="runner.Execution" name="@AfterMethod closer" time="-1.65951171324E9">
    <skipped/>
  </testcase> <!-- @AfterMethod closer -->
  <testcase classname="runner.Execution" name="@BeforeMethod initialization" time="-1.65951171325E9">
    <skipped/>
  </testcase> <!-- @BeforeMethod initialization -->
  <testcase classname="runner.Execution" name="@AfterMethod closer" time="-1.659511713258E9">
    <skipped/>
  </testcase> <!-- @AfterMethod closer -->
  <testcase classname="runner.Execution" name="@BeforeMethod initialization" time="-1.659511713261E9">
    <skipped/>
  </testcase> <!-- @BeforeMethod initialization -->
  <testcase classname="runner.Execution" name="@AfterMethod closer" time="-1.65951171327E9">
    <skipped/>
  </testcase> <!-- @AfterMethod closer -->
  <testcase classname="runner.Execution" name="@BeforeMethod initialization" time="-1.659511713273E9">
    <skipped/>
  </testcase> <!-- @BeforeMethod initialization -->
  <testcase classname="runner.Execution" name="@AfterMethod closer" time="-1.65951171328E9">
    <skipped/>
  </testcase> <!-- @AfterMethod closer -->
  <testcase classname="runner.Execution" name="@BeforeMethod initialization" time="-1.659511713283E9">
    <skipped/>
  </testcase> <!-- @BeforeMethod initialization -->
  <testcase classname="runner.Execution" name="@AfterMethod closer" time="-1.65951171329E9">
    <skipped/>
  </testcase> <!-- @AfterMethod closer -->
  <testcase classname="runner.Execution" name="@BeforeMethod initialization" time="-1.659511713292E9">
    <skipped/>
  </testcase> <!-- @BeforeMethod initialization -->
  <testcase classname="runner.Execution" name="@AfterMethod closer" time="-1.659511713299E9">
    <skipped/>
  </testcase> <!-- @AfterMethod closer -->
  <testcase classname="runner.Execution" name="@BeforeMethod initialization" time="-1.659511713301E9">
    <skipped/>
  </testcase> <!-- @BeforeMethod initialization -->
  <testcase classname="runner.Execution" name="@AfterMethod closer" time="-1.659511713308E9">
    <skipped/>
  </testcase> <!-- @AfterMethod closer -->
  <testcase classname="runner.Execution" name="@BeforeMethod initialization" time="-1.659511713311E9">
    <skipped/>
  </testcase> <!-- @BeforeMethod initialization -->
  <testcase classname="runner.Execution" name="@AfterMethod closer" time="-1.659511713316E9">
    <skipped/>
  </testcase> <!-- @AfterMethod closer -->
  <testcase classname="runner.Execution" name="@BeforeMethod initialization" time="-1.659511713324E9">
    <skipped/>
  </testcase> <!-- @BeforeMethod initialization -->
  <testcase classname="runner.Execution" name="@AfterMethod closer" time="-1.659511713331E9">
    <skipped/>
  </testcase> <!-- @AfterMethod closer -->
  <testcase classname="runner.Execution" name="@BeforeMethod initialization" time="-1.659511713334E9">
    <skipped/>
  </testcase> <!-- @BeforeMethod initialization -->
  <testcase classname="runner.Execution" name="@AfterMethod closer" time="-1.659511713339E9">
    <skipped/>
  </testcase> <!-- @AfterMethod closer -->
  <testcase classname="runner.Execution" name="livechat" time="0.0">
    <skipped/>
  </testcase> <!-- livechat -->
  <testcase classname="runner.Execution" name="powder" time="0.0">
    <skipped/>
  </testcase> <!-- powder -->
  <testcase classname="runner.Execution" name="search" time="0.0">
    <skipped/>
  </testcase> <!-- search -->
  <testcase classname="runner.Execution" name="strain" time="0.0">
    <skipped/>
  </testcase> <!-- strain -->
  <testcase classname="runner.Execution" name="bounce" time="0.0">
    <skipped/>
  </testcase> <!-- bounce -->
  <testcase classname="runner.Execution" name="contact" time="0.0">
    <skipped/>
  </testcase> <!-- contact -->
  <testcase classname="runner.Execution" name="fabric" time="0.0">
    <skipped/>
  </testcase> <!-- fabric -->
  <testcase classname="runner.Execution" name="machine" time="0.0">
    <skipped/>
  </testcase> <!-- machine -->
  <testcase classname="runner.Execution" name="pglogo" time="0.0">
    <skipped/>
  </testcase> <!-- pglogo -->
  <testcase classname="runner.Execution" name="what" time="0.0">
    <skipped/>
  </testcase> <!-- what -->
</testsuite> <!-- Default test -->
